<?xml version="1.0" encoding="UTF-8"?>
<!-- Generated by org.testng.reporters.JUnitXMLReporter -->
<testsuite hostname="kd-pc" ignored="0" name="Test In Google Chrome" tests="2" failures="0" timestamp="28 Apr 2019 07:13:17 GMT" time="18.215" errors="0">
  <testcase name="getTextFromAlert" time="1.415" classname="parallel_execution.parallerbrowsertest"/>
  <testcase name="verifyTitle" time="2.263" classname="parallel_execution.parallerbrowsertest"/>
</testsuite> <!-- Test In Google Chrome -->
